2021-03-14 23:32:37.921  INFO 19404 --- [main] SpringbootDemoHelloworldApplicationTests : Starting SpringbootDemoHelloworldApplicationTests on DESKTOP-J8PU2EC with PID 19404 (started by 13920 in D:\study\springboot-demo\springboot-demo-helloworld)
2021-03-14 23:32:37.922 DEBUG 19404 --- [main] SpringbootDemoHelloworldApplicationTests : Running with Spring Boot v2.1.0.RELEASE, Spring v5.1.2.RELEASE
2021-03-14 23:32:37.926  INFO 19404 --- [main] SpringbootDemoHelloworldApplicationTests : No active profile set, falling back to default profiles: default
2021-03-14 23:32:44.537  INFO 19404 --- [main] o.s.s.concurrent.ThreadPoolTaskExecutor  : Initializing ExecutorService 'applicationTaskExecutor'
2021-03-14 23:32:45.411  INFO 19404 --- [main] o.s.b.a.w.s.WelcomePageHandlerMapping    : Adding welcome page template: index
2021-03-14 23:32:46.569  INFO 19404 --- [main] SpringbootDemoHelloworldApplicationTests : Started SpringbootDemoHelloworldApplicationTests in 10.128 seconds (JVM running for 12.47)
2021-03-14 23:32:47.100  INFO 19404 --- [Thread-2] o.s.s.concurrent.ThreadPoolTaskExecutor  : Shutting down ExecutorService 'applicationTaskExecutor'
2021-03-14 23:33:40.847  INFO 16320 --- [main] SpringbootDemoHelloworldApplicationTests : Starting SpringbootDemoHelloworldApplicationTests on DESKTOP-J8PU2EC with PID 16320 (started by 13920 in D:\study\springboot-demo\springboot-demo-helloworld)
2021-03-14 23:33:40.849 DEBUG 16320 --- [main] SpringbootDemoHelloworldApplicationTests : Running with Spring Boot v2.1.0.RELEASE, Spring v5.1.2.RELEASE
2021-03-14 23:33:40.853  INFO 16320 --- [main] SpringbootDemoHelloworldApplicationTests : No active profile set, falling back to default profiles: default
2021-03-14 23:33:46.164  INFO 16320 --- [main] o.s.s.concurrent.ThreadPoolTaskExecutor  : Initializing ExecutorService 'applicationTaskExecutor'
2021-03-14 23:33:46.788  INFO 16320 --- [main] o.s.b.a.w.s.WelcomePageHandlerMapping    : Adding welcome page template: index
2021-03-14 23:33:47.901  INFO 16320 --- [main] SpringbootDemoHelloworldApplicationTests : Started SpringbootDemoHelloworldApplicationTests in 7.973 seconds (JVM running for 9.415)
2021-03-14 23:33:48.522  INFO 16320 --- [Thread-2] o.s.s.concurrent.ThreadPoolTaskExecutor  : Shutting down ExecutorService 'applicationTaskExecutor'
2021-03-14 23:35:16.618  INFO 9628 --- [main] SpringbootDemoHelloworldApplicationTests : Starting SpringbootDemoHelloworldApplicationTests on DESKTOP-J8PU2EC with PID 9628 (started by 13920 in D:\study\springboot-demo\springboot-demo-helloworld)
2021-03-14 23:35:16.619 DEBUG 9628 --- [main] SpringbootDemoHelloworldApplicationTests : Running with Spring Boot v2.1.0.RELEASE, Spring v5.1.2.RELEASE
2021-03-14 23:35:16.620  INFO 9628 --- [main] SpringbootDemoHelloworldApplicationTests : No active profile set, falling back to default profiles: default
2021-03-14 23:35:19.294  INFO 9628 --- [main] o.s.s.concurrent.ThreadPoolTaskExecutor  : Initializing ExecutorService 'applicationTaskExecutor'
2021-03-14 23:35:19.690  INFO 9628 --- [main] o.s.b.a.w.s.WelcomePageHandlerMapping    : Adding welcome page template: index
2021-03-14 23:35:20.123  INFO 9628 --- [main] SpringbootDemoHelloworldApplicationTests : Started SpringbootDemoHelloworldApplicationTests in 3.996 seconds (JVM running for 4.918)
2021-03-14 23:35:20.425  INFO 9628 --- [Thread-2] o.s.s.concurrent.ThreadPoolTaskExecutor  : Shutting down ExecutorService 'applicationTaskExecutor'
2021-03-14 23:35:51.793  INFO 4456 --- [main] SpringbootDemoHelloworldApplicationTests : Starting SpringbootDemoHelloworldApplicationTests on DESKTOP-J8PU2EC with PID 4456 (started by 13920 in D:\study\springboot-demo\springboot-demo-helloworld)
2021-03-14 23:35:51.794 DEBUG 4456 --- [main] SpringbootDemoHelloworldApplicationTests : Running with Spring Boot v2.1.0.RELEASE, Spring v5.1.2.RELEASE
2021-03-14 23:35:51.796  INFO 4456 --- [main] SpringbootDemoHelloworldApplicationTests : No active profile set, falling back to default profiles: default
2021-03-14 23:35:54.409  INFO 4456 --- [main] o.s.s.concurrent.ThreadPoolTaskExecutor  : Initializing ExecutorService 'applicationTaskExecutor'
2021-03-14 23:35:54.785  INFO 4456 --- [main] o.s.b.a.w.s.WelcomePageHandlerMapping    : Adding welcome page template: index
2021-03-14 23:35:55.218  INFO 4456 --- [main] SpringbootDemoHelloworldApplicationTests : Started SpringbootDemoHelloworldApplicationTests in 3.854 seconds (JVM running for 4.764)
2021-03-14 23:35:55.479  INFO 4456 --- [Thread-2] o.s.s.concurrent.ThreadPoolTaskExecutor  : Shutting down ExecutorService 'applicationTaskExecutor'
2021-03-14 23:36:23.527  INFO 20044 --- [main] SpringbootDemoHelloworldApplicationTests : Starting SpringbootDemoHelloworldApplicationTests on DESKTOP-J8PU2EC with PID 20044 (started by 13920 in D:\study\springboot-demo\springboot-demo-helloworld)
2021-03-14 23:36:23.528 DEBUG 20044 --- [main] SpringbootDemoHelloworldApplicationTests : Running with Spring Boot v2.1.0.RELEASE, Spring v5.1.2.RELEASE
2021-03-14 23:36:23.530  INFO 20044 --- [main] SpringbootDemoHelloworldApplicationTests : No active profile set, falling back to default profiles: default
2021-03-14 23:36:26.261  INFO 20044 --- [main] o.s.s.concurrent.ThreadPoolTaskExecutor  : Initializing ExecutorService 'applicationTaskExecutor'
2021-03-14 23:36:26.639  INFO 20044 --- [main] o.s.b.a.w.s.WelcomePageHandlerMapping    : Adding welcome page template: index
2021-03-14 23:36:27.102  INFO 20044 --- [main] SpringbootDemoHelloworldApplicationTests : Started SpringbootDemoHelloworldApplicationTests in 4.048 seconds (JVM running for 5.022)
2021-03-14 23:36:27.372  INFO 20044 --- [Thread-2] o.s.s.concurrent.ThreadPoolTaskExecutor  : Shutting down ExecutorService 'applicationTaskExecutor'
2021-03-14 23:37:52.464  INFO 1752 --- [main] SpringbootDemoHelloworldApplicationTests : Starting SpringbootDemoHelloworldApplicationTests on DESKTOP-J8PU2EC with PID 1752 (started by 13920 in D:\study\springboot-demo\springboot-demo-helloworld)
2021-03-14 23:37:52.465 DEBUG 1752 --- [main] SpringbootDemoHelloworldApplicationTests : Running with Spring Boot v2.1.0.RELEASE, Spring v5.1.2.RELEASE
2021-03-14 23:37:52.467  INFO 1752 --- [main] SpringbootDemoHelloworldApplicationTests : No active profile set, falling back to default profiles: default
2021-03-14 23:37:55.121  INFO 1752 --- [main] o.s.s.concurrent.ThreadPoolTaskExecutor  : Initializing ExecutorService 'applicationTaskExecutor'
2021-03-14 23:37:55.536  INFO 1752 --- [main] o.s.b.a.w.s.WelcomePageHandlerMapping    : Adding welcome page template: index
2021-03-14 23:37:55.959  INFO 1752 --- [main] SpringbootDemoHelloworldApplicationTests : Started SpringbootDemoHelloworldApplicationTests in 3.963 seconds (JVM running for 4.938)
2021-03-14 23:37:56.210  INFO 1752 --- [Thread-2] o.s.s.concurrent.ThreadPoolTaskExecutor  : Shutting down ExecutorService 'applicationTaskExecutor'
2021-03-14 23:39:18.491  INFO 17364 --- [main] SpringbootDemoHelloworldApplicationTests : Starting SpringbootDemoHelloworldApplicationTests on DESKTOP-J8PU2EC with PID 17364 (started by 13920 in D:\study\springboot-demo\springboot-demo-helloworld)
2021-03-14 23:39:18.492 DEBUG 17364 --- [main] SpringbootDemoHelloworldApplicationTests : Running with Spring Boot v2.1.0.RELEASE, Spring v5.1.2.RELEASE
2021-03-14 23:39:18.495  INFO 17364 --- [main] SpringbootDemoHelloworldApplicationTests : No active profile set, falling back to default profiles: default
2021-03-14 23:39:21.226  INFO 17364 --- [main] o.s.s.concurrent.ThreadPoolTaskExecutor  : Initializing ExecutorService 'applicationTaskExecutor'
2021-03-14 23:39:21.650  INFO 17364 --- [main] o.s.b.a.w.s.WelcomePageHandlerMapping    : Adding welcome page template: index
2021-03-14 23:39:22.083  INFO 17364 --- [main] SpringbootDemoHelloworldApplicationTests : Started SpringbootDemoHelloworldApplicationTests in 4.059 seconds (JVM running for 5.0)
2021-03-14 23:39:22.355  INFO 17364 --- [Thread-2] o.s.s.concurrent.ThreadPoolTaskExecutor  : Shutting down ExecutorService 'applicationTaskExecutor'
2021-03-14 23:39:55.862  INFO 15940 --- [main] SpringbootDemoHelloworldApplicationTests : Starting SpringbootDemoHelloworldApplicationTests on DESKTOP-J8PU2EC with PID 15940 (started by 13920 in D:\study\springboot-demo\springboot-demo-helloworld)
2021-03-14 23:39:55.863 DEBUG 15940 --- [main] SpringbootDemoHelloworldApplicationTests : Running with Spring Boot v2.1.0.RELEASE, Spring v5.1.2.RELEASE
2021-03-14 23:39:55.865  INFO 15940 --- [main] SpringbootDemoHelloworldApplicationTests : No active profile set, falling back to default profiles: default
2021-03-14 23:39:58.817  INFO 15940 --- [main] o.s.s.concurrent.ThreadPoolTaskExecutor  : Initializing ExecutorService 'applicationTaskExecutor'
2021-03-14 23:39:59.190  INFO 15940 --- [main] o.s.b.a.w.s.WelcomePageHandlerMapping    : Adding welcome page template: index
2021-03-14 23:39:59.714  INFO 15940 --- [main] SpringbootDemoHelloworldApplicationTests : Started SpringbootDemoHelloworldApplicationTests in 4.335 seconds (JVM running for 5.269)
2021-03-14 23:40:00.002  INFO 15940 --- [Thread-2] o.s.s.concurrent.ThreadPoolTaskExecutor  : Shutting down ExecutorService 'applicationTaskExecutor'
2021-03-14 23:40:40.314  INFO 5360 --- [main] SpringbootDemoHelloworldApplicationTests : Starting SpringbootDemoHelloworldApplicationTests on DESKTOP-J8PU2EC with PID 5360 (started by 13920 in D:\study\springboot-demo\springboot-demo-helloworld)
2021-03-14 23:40:40.315 DEBUG 5360 --- [main] SpringbootDemoHelloworldApplicationTests : Running with Spring Boot v2.1.0.RELEASE, Spring v5.1.2.RELEASE
2021-03-14 23:40:40.317  INFO 5360 --- [main] SpringbootDemoHelloworldApplicationTests : No active profile set, falling back to default profiles: default
2021-03-14 23:40:43.012  INFO 5360 --- [main] o.s.s.concurrent.ThreadPoolTaskExecutor  : Initializing ExecutorService 'applicationTaskExecutor'
2021-03-14 23:40:43.392  INFO 5360 --- [main] o.s.b.a.w.s.WelcomePageHandlerMapping    : Adding welcome page template: index
2021-03-14 23:40:43.810  INFO 5360 --- [main] SpringbootDemoHelloworldApplicationTests : Started SpringbootDemoHelloworldApplicationTests in 3.958 seconds (JVM running for 4.903)
2021-03-14 23:40:44.052  INFO 5360 --- [Thread-2] o.s.s.concurrent.ThreadPoolTaskExecutor  : Shutting down ExecutorService 'applicationTaskExecutor'
2021-03-14 23:42:35.959  INFO 13028 --- [main] SpringbootDemoHelloworldApplicationTests : Starting SpringbootDemoHelloworldApplicationTests on DESKTOP-J8PU2EC with PID 13028 (started by 13920 in D:\study\springboot-demo\springboot-demo-helloworld)
2021-03-14 23:42:35.962 DEBUG 13028 --- [main] SpringbootDemoHelloworldApplicationTests : Running with Spring Boot v2.1.0.RELEASE, Spring v5.1.2.RELEASE
2021-03-14 23:42:35.966  INFO 13028 --- [main] SpringbootDemoHelloworldApplicationTests : No active profile set, falling back to default profiles: default
2021-03-14 23:42:39.511  INFO 13028 --- [main] o.s.s.concurrent.ThreadPoolTaskExecutor  : Initializing ExecutorService 'applicationTaskExecutor'
2021-03-14 23:42:39.947  INFO 13028 --- [main] o.s.b.a.w.s.WelcomePageHandlerMapping    : Adding welcome page template: index
2021-03-14 23:42:40.466  INFO 13028 --- [main] SpringbootDemoHelloworldApplicationTests : Started SpringbootDemoHelloworldApplicationTests in 5.231 seconds (JVM running for 6.351)
2021-03-14 23:42:40.710  INFO 13028 --- [Thread-2] o.s.s.concurrent.ThreadPoolTaskExecutor  : Shutting down ExecutorService 'applicationTaskExecutor'
2021-03-14 23:43:41.120  INFO 18016 --- [main] SpringbootDemoHelloworldApplicationTests : Starting SpringbootDemoHelloworldApplicationTests on DESKTOP-J8PU2EC with PID 18016 (started by 13920 in D:\study\springboot-demo\springboot-demo-helloworld)
2021-03-14 23:43:41.121 DEBUG 18016 --- [main] SpringbootDemoHelloworldApplicationTests : Running with Spring Boot v2.1.0.RELEASE, Spring v5.1.2.RELEASE
2021-03-14 23:43:41.124  INFO 18016 --- [main] SpringbootDemoHelloworldApplicationTests : No active profile set, falling back to default profiles: default
2021-03-14 23:43:44.044  INFO 18016 --- [main] o.s.s.concurrent.ThreadPoolTaskExecutor  : Initializing ExecutorService 'applicationTaskExecutor'
2021-03-14 23:43:44.378  INFO 18016 --- [main] o.s.b.a.w.s.WelcomePageHandlerMapping    : Adding welcome page template: index
2021-03-14 23:43:44.820  INFO 18016 --- [main] SpringbootDemoHelloworldApplicationTests : Started SpringbootDemoHelloworldApplicationTests in 4.209 seconds (JVM running for 5.172)
2021-03-14 23:43:45.130  INFO 18016 --- [Thread-2] o.s.s.concurrent.ThreadPoolTaskExecutor  : Shutting down ExecutorService 'applicationTaskExecutor'
2021-03-14 23:46:24.869  INFO 7800 --- [main] SpringbootDemoHelloworldApplicationTests : Starting SpringbootDemoHelloworldApplicationTests on DESKTOP-J8PU2EC with PID 7800 (started by 13920 in D:\study\springboot-demo\springboot-demo-helloworld)
2021-03-14 23:46:24.870 DEBUG 7800 --- [main] SpringbootDemoHelloworldApplicationTests : Running with Spring Boot v2.1.0.RELEASE, Spring v5.1.2.RELEASE
2021-03-14 23:46:24.872  INFO 7800 --- [main] SpringbootDemoHelloworldApplicationTests : No active profile set, falling back to default profiles: default
2021-03-14 23:46:28.182  INFO 7800 --- [main] o.s.s.concurrent.ThreadPoolTaskExecutor  : Initializing ExecutorService 'applicationTaskExecutor'
2021-03-14 23:46:28.495  INFO 7800 --- [main] o.s.b.a.w.s.WelcomePageHandlerMapping    : Adding welcome page template: index
2021-03-14 23:46:28.927  INFO 7800 --- [main] SpringbootDemoHelloworldApplicationTests : Started SpringbootDemoHelloworldApplicationTests in 4.523 seconds (JVM running for 5.452)
2021-03-14 23:46:29.222  INFO 7800 --- [Thread-2] o.s.s.concurrent.ThreadPoolTaskExecutor  : Shutting down ExecutorService 'applicationTaskExecutor'
2021-03-14 23:51:29.288  INFO 19856 --- [main] SpringbootDemoHelloworldApplicationTests : Starting SpringbootDemoHelloworldApplicationTests on DESKTOP-J8PU2EC with PID 19856 (started by 13920 in D:\study\springboot-demo\springboot-demo-helloworld)
2021-03-14 23:51:29.289 DEBUG 19856 --- [main] SpringbootDemoHelloworldApplicationTests : Running with Spring Boot v2.1.0.RELEASE, Spring v5.1.2.RELEASE
2021-03-14 23:51:29.291  INFO 19856 --- [main] SpringbootDemoHelloworldApplicationTests : No active profile set, falling back to default profiles: default
2021-03-14 23:51:32.235  INFO 19856 --- [main] o.s.s.concurrent.ThreadPoolTaskExecutor  : Initializing ExecutorService 'applicationTaskExecutor'
2021-03-14 23:51:32.641  INFO 19856 --- [main] o.s.b.a.w.s.WelcomePageHandlerMapping    : Adding welcome page template: index
2021-03-14 23:51:33.880  INFO 19856 --- [main] SpringbootDemoHelloworldApplicationTests : Started SpringbootDemoHelloworldApplicationTests in 5.127 seconds (JVM running for 6.107)
2021-03-14 23:51:34.159  INFO 19856 --- [Thread-2] o.s.s.concurrent.ThreadPoolTaskExecutor  : Shutting down ExecutorService 'applicationTaskExecutor'
